<?xml version="1.0" encoding="UTF-8"?>
<!-- Generated by org.testng.reporters.JUnitReportReporter -->
<testsuite hostname="DESKTOP-1CPKPA1" failures="0" tests="1" name="ToolsQA.Anthi.Demooo" time="34.729" errors="0" timestamp="2021-01-20T19:14:45 IST" skipped="0">
  <testcase classname="ToolsQA.Anthi.Demooo" name="Facebook" time="34.729"/>
  <system-out/>
</testsuite> <!-- ToolsQA.Anthi.Demooo -->
