<?xml version="1.0" encoding="UTF-8"?>
<!-- Generated by org.testng.reporters.JUnitReportReporter -->
<testsuite hostname="DESKTOP-1CPKPA1" failures="0" tests="7" name="ToolsQA.Anthi.Login" time="91.915" errors="0" timestamp="2021-01-21T13:46:38 IST" skipped="1">
  <testcase classname="ToolsQA.Anthi.Login" name="valid_valid" time="19.245"/>
  <system-out/>
  <testcase classname="ToolsQA.Anthi.Login" name="valid_Invalid" time="14.538"/>
  <system-out/>
  <testcase classname="ToolsQA.Anthi.Login" name="Invalid_Invalid" time="15.536"/>
  <system-out/>
  <testcase classname="ToolsQA.Anthi.Login" name="Invalid_valid" time="14.179"/>
  <system-out/>
  <testcase classname="ToolsQA.Anthi.Login" name="valid_Blank" time="14.556"/>
  <system-out/>
  <testcase classname="ToolsQA.Anthi.Login" name="Blank_valid" time="13.861"/>
  <system-out/>
  <testcase classname="ToolsQA.Anthi.Login" name="Blank_Blank">
    <skipped/>
  </testcase> <!-- Blank_Blank -->
  <system-out/>
</testsuite> <!-- ToolsQA.Anthi.Login -->
