<?xml version="1.0" encoding="UTF-8"?>
<!-- Generated by org.testng.reporters.JUnitReportReporter -->
<testsuite hostname="DESKTOP-1CPKPA1" failures="0" tests="17" name="ToolsQA.Anthi.links" time="261.255" errors="0" timestamp="2021-01-20T19:19:42 IST" skipped="0">
  <testcase classname="ToolsQA.Anthi.links" name="About_us" time="13.311"/>
  <system-out/>
  <testcase classname="ToolsQA.Anthi.links" name="Facts_on_Hair_Thinning" time="13.781"/>
  <system-out/>
  <testcase classname="ToolsQA.Anthi.links" name="Blog" time="13.959"/>
  <system-out/>
  <testcase classname="ToolsQA.Anthi.links" name="Contact_Us" time="10.977"/>
  <system-out/>
  <testcase classname="ToolsQA.Anthi.links" name="ingredients" time="12.738"/>
  <system-out/>
  <testcase classname="ToolsQA.Anthi.links" name="Anti_Thinning_Hair_Shampoo" time="14.397"/>
  <system-out/>
  <testcase classname="ToolsQA.Anthi.links" name="Anti_Thinning_Hair_Spray" time="14.946"/>
  <system-out/>
  <testcase classname="ToolsQA.Anthi.links" name="Anti_Thinning_Hair_Serum" time="14.687"/>
  <system-out/>
  <testcase classname="ToolsQA.Anthi.links" name="Anti_Thinning_regimen_kit" time="13.925"/>
  <system-out/>
  <testcase classname="ToolsQA.Anthi.links" name="Facebook" time="15.636"/>
  <system-out/>
  <testcase classname="ToolsQA.Anthi.links" name="Instagram" time="14.066"/>
  <system-out/>
  <testcase classname="ToolsQA.Anthi.links" name="youtube" time="18.908"/>
  <system-out/>
  <testcase classname="ToolsQA.Anthi.links" name="Login" time="18.616"/>
  <system-out/>
  <testcase classname="ToolsQA.Anthi.links" name="edit_profile" time="17.007"/>
  <system-out/>
  <testcase classname="ToolsQA.Anthi.links" name="my_order" time="16.972"/>
  <system-out/>
  <testcase classname="ToolsQA.Anthi.links" name="change_password" time="17.227"/>
  <system-out/>
  <testcase classname="ToolsQA.Anthi.links" name="logout" time="20.102"/>
  <system-out/>
</testsuite> <!-- ToolsQA.Anthi.links -->
